Using pre-set license
Built from '2020.3/staging' branch; Version is '2020.3.9f1 (108be757e447) revision 1084391'; Using compiler version '192528614'; Build Type 'Release'
OS: 'Windows 10 Pro; OS build 19043.1415; Version 2009; 64bit' Language: 'pt' Physical Memory: 32727 MB
BatchMode: 1, IsHumanControllingUs: 0, StartBugReporterOnCrash: 0, Is64bit: 1, IsPro: 0

 COMMAND LINE ARGUMENTS:
D:\Unity\Editors\2020.3.9f1\Editor\Unity.exe
-adb2
-batchMode
-noUpm
-name
AssetImportWorker1
-projectPath
D:/Unity/Projetos/RecycleCannon
-logFile
Logs/AssetImportWorker1.log
-srvPort
49798
Successfully changed project path to: D:/Unity/Projetos/RecycleCannon
D:/Unity/Projetos/RecycleCannon
Using Asset Import Pipeline V2.
Refreshing native plugins compatible for Editor in 22.85 ms, found 0 plugins.
Preloading 0 native plugins for Editor in 0.00 ms.
Initialize engine version: 2020.3.9f1 (108be757e447)
[Subsystems] Discovering subsystems at path D:/Unity/Editors/2020.3.9f1/Editor/Data/Resources/UnitySubsystems
[Subsystems] Discovering subsystems at path D:/Unity/Projetos/RecycleCannon/Assets
GfxDevice: creating device client; threaded=0
Direct3D:
    Version:  Direct3D 11.0 [level 11.1]
    Renderer: NVIDIA GeForce GTX 1070 (ID=0x1b81)
    Vendor:   
    VRAM:     8088 MB
    Driver:   30.0.14.9709
Initialize mono
Mono path[0] = 'D:/Unity/Editors/2020.3.9f1/Editor/Data/Managed'
Mono path[1] = 'D:/Unity/Editors/2020.3.9f1/Editor/Data/MonoBleedingEdge/lib/mono/unityjit'
Mono config path = 'D:/Unity/Editors/2020.3.9f1/Editor/Data/MonoBleedingEdge/etc'
Using monoOptions --debugger-agent=transport=dt_socket,embedding=1,server=y,suspend=n,address=127.0.0.1:56200
Begin MonoManager ReloadAssembly
Registering precompiled unity dll's ...
Register platform support module: D:/Unity/Editors/2020.3.9f1/Editor/Data/PlaybackEngines/WebGLSupport/UnityEditor.WebGL.Extensions.dll
Register platform support module: D:/Unity/Editors/2020.3.9f1/Editor/Data/PlaybackEngines/MacStandaloneSupport/UnityEditor.OSXStandalone.Extensions.dll
Register platform support module: D:/Unity/Editors/2020.3.9f1/Editor/Data/PlaybackEngines/WindowsStandaloneSupport/UnityEditor.WindowsStandalone.Extensions.dll
Register platform support module: D:/Unity/Editors/2020.3.9f1/Editor/Data/PlaybackEngines/LinuxStandaloneSupport/UnityEditor.LinuxStandalone.Extensions.dll
Registered in 0.001781 seconds.
Native extension for LinuxStandalone target not found
Native extension for WindowsStandalone target not found
Native extension for OSXStandalone target not found
Native extension for WebGL target not found
Refreshing native plugins compatible for Editor in 23.26 ms, found 0 plugins.
Preloading 0 native plugins for Editor in 0.00 ms.
Mono: successfully reloaded assembly
- Completed reload, in  4.685 seconds
Platform modules already initialized, skipping
Registering precompiled user dll's ...
Registered in 0.000609 seconds.
Begin MonoManager ReloadAssembly
Native extension for LinuxStandalone target not found
Native extension for WindowsStandalone target not found
Native extension for OSXStandalone target not found
Native extension for WebGL target not found
Refreshing native plugins compatible for Editor in 0.29 ms, found 0 plugins.
Preloading 0 native plugins for Editor in 0.00 ms.
Mono: successfully reloaded assembly
- Completed reload, in  0.712 seconds
Platform modules already initialized, skipping
========================================================================
Worker process is ready to serve import requests
Launched and connected shader compiler UnityShaderCompiler.exe after 0.16 seconds
Refreshing native plugins compatible for Editor in 0.23 ms, found 0 plugins.
Preloading 0 native plugins for Editor in 0.00 ms.
Unloading 1214 Unused Serialized files (Serialized files now loaded: 0)
System memory in use before: 60.0 MB.
System memory in use after: 60.0 MB.

Unloading 10 unused Assets to reduce memory usage. Loaded Objects now: 1656.
Total: 1.623900 ms (FindLiveObjects: 0.133900 ms CreateObjectMapping: 0.028300 ms MarkObjects: 1.398500 ms  DeleteObjects: 0.062300 ms)

========================================================================
Received Import Request.
  path: Assets/_Prefabs/Trash/Base/Metal/Small/SmallTrashInteractableMetalBase.prefab
  artifactKey: Guid(880bda6b6bea9a44589ae2fffccf05bb) Importer(815301076,1909f56bfc062723c751e8b465ee728b)
Start importing Assets/_Prefabs/Trash/Base/Metal/Small/SmallTrashInteractableMetalBase.prefab using Guid(880bda6b6bea9a44589ae2fffccf05bb) Importer(815301076,1909f56bfc062723c751e8b465ee728b)  -> (artifact id: '86b2d06dae519dc58d293a85481d86f7') in 0.110654 seconds
  Import took 0.112925 seconds .

========================================================================
Received Prepare
Registering precompiled user dll's ...
Registered in 0.000598 seconds.
Begin MonoManager ReloadAssembly
Native extension for LinuxStandalone target not found
Native extension for WindowsStandalone target not found
Native extension for OSXStandalone target not found
Native extension for WebGL target not found
Refreshing native plugins compatible for Editor in 0.21 ms, found 0 plugins.
Preloading 0 native plugins for Editor in 0.00 ms.
Mono: successfully reloaded assembly
- Completed reload, in  0.628 seconds
Platform modules already initialized, skipping
Switching build target platform(19) subTarget(0) extendedPlatform(0) -> platform(13) subTarget(537395200) extendedPlatform(0)
Refreshing native plugins compatible for Editor in 0.20 ms, found 0 plugins.
Preloading 0 native plugins for Editor in 0.00 ms.
Unloading 1212 Unused Serialized files (Serialized files now loaded: 0)
System memory in use before: 63.0 MB.
System memory in use after: 63.1 MB.

Unloading 7 unused Assets to reduce memory usage. Loaded Objects now: 1668.
Total: 1.468000 ms (FindLiveObjects: 0.099200 ms CreateObjectMapping: 0.026400 ms MarkObjects: 1.300000 ms  DeleteObjects: 0.041600 ms)

AssetImportParameters requested are different than current active one (requested -> active):
  custom:graphics/normal-map-encoding: 01000000000000000000000000000000 -> 02000000000000000000000000000000
========================================================================
Received Import Request.
  Time since last request: 3067.101493 seconds.
  path: Assets/_Scripts/Managers/WaveManager.cs
  artifactKey: Guid(47cf1df6c63b35e45a95cbb640be6586) Importer(815301076,1909f56bfc062723c751e8b465ee728b)
Start importing Assets/_Scripts/Managers/WaveManager.cs using Guid(47cf1df6c63b35e45a95cbb640be6586) Importer(815301076,1909f56bfc062723c751e8b465ee728b)  -> (artifact id: 'a3df7b5ac16568fa7caf4dd0e432bc8d') in 0.015441 seconds
  Import took 0.017868 seconds .

========================================================================
Received Prepare
Registering precompiled user dll's ...
Registered in 0.000612 seconds.
Begin MonoManager ReloadAssembly
Native extension for LinuxStandalone target not found
Native extension for WindowsStandalone target not found
Native extension for OSXStandalone target not found
Native extension for WebGL target not found
Refreshing native plugins compatible for Editor in 0.21 ms, found 0 plugins.
Preloading 0 native plugins for Editor in 0.00 ms.
Mono: successfully reloaded assembly
- Completed reload, in  0.724 seconds
Platform modules already initialized, skipping
Switching build target platform(19) subTarget(0) extendedPlatform(0) -> platform(13) subTarget(537395200) extendedPlatform(0)
Refreshing native plugins compatible for Editor in 0.24 ms, found 0 plugins.
Preloading 0 native plugins for Editor in 0.00 ms.
Unloading 1213 Unused Serialized files (Serialized files now loaded: 0)
System memory in use before: 63.1 MB.
System memory in use after: 63.2 MB.

Unloading 5 unused Assets to reduce memory usage. Loaded Objects now: 1672.
Total: 1.618800 ms (FindLiveObjects: 0.131600 ms CreateObjectMapping: 0.030700 ms MarkObjects: 1.396900 ms  DeleteObjects: 0.058700 ms)

AssetImportParameters requested are different than current active one (requested -> active):
  custom:graphics/normal-map-encoding: 01000000000000000000000000000000 -> 02000000000000000000000000000000
========================================================================
Received Import Request.
  Time since last request: 11.751735 seconds.
  path: Assets/_Scripts/Managers/SpawnManager.cs
  artifactKey: Guid(b1a61358f406b24418846570631ffe6c) Importer(815301076,1909f56bfc062723c751e8b465ee728b)
Start importing Assets/_Scripts/Managers/SpawnManager.cs using Guid(b1a61358f406b24418846570631ffe6c) Importer(815301076,1909f56bfc062723c751e8b465ee728b)  -> (artifact id: 'b65d82f0f53ddcb6056d5611334b6643') in 0.009388 seconds
  Import took 0.011436 seconds .

========================================================================
Received Prepare
Registering precompiled user dll's ...
Registered in 0.000546 seconds.
Begin MonoManager ReloadAssembly
Native extension for LinuxStandalone target not found
Native extension for WindowsStandalone target not found
Native extension for OSXStandalone target not found
Native extension for WebGL target not found
Refreshing native plugins compatible for Editor in 0.21 ms, found 0 plugins.
Preloading 0 native plugins for Editor in 0.00 ms.
Mono: successfully reloaded assembly
- Completed reload, in  0.685 seconds
Platform modules already initialized, skipping
Switching build target platform(19) subTarget(0) extendedPlatform(0) -> platform(13) subTarget(537395200) extendedPlatform(0)
Refreshing native plugins compatible for Editor in 0.20 ms, found 0 plugins.
Preloading 0 native plugins for Editor in 0.00 ms.
Unloading 1214 Unused Serialized files (Serialized files now loaded: 0)
System memory in use before: 63.1 MB.
System memory in use after: 63.2 MB.

Unloading 5 unused Assets to reduce memory usage. Loaded Objects now: 1676.
Total: 1.474000 ms (FindLiveObjects: 0.129100 ms CreateObjectMapping: 0.029200 ms MarkObjects: 1.274200 ms  DeleteObjects: 0.040800 ms)

AssetImportParameters requested are different than current active one (requested -> active):
  custom:graphics/normal-map-encoding: 01000000000000000000000000000000 -> 02000000000000000000000000000000
========================================================================
Received Import Request.
  Time since last request: 369.580364 seconds.
  path: Assets/_Scripts/Managers/SpawnManager.cs
  artifactKey: Guid(b1a61358f406b24418846570631ffe6c) Importer(815301076,1909f56bfc062723c751e8b465ee728b)
Start importing Assets/_Scripts/Managers/SpawnManager.cs using Guid(b1a61358f406b24418846570631ffe6c) Importer(815301076,1909f56bfc062723c751e8b465ee728b)  -> (artifact id: '2ed19451e7b15345f17346bd5362ed4a') in 0.005091 seconds
  Import took 0.007914 seconds .

========================================================================
Received Import Request.
  Time since last request: 1.250037 seconds.
  path: Assets/_Scripts/Util/Helpers/CollectorHelper.cs
  artifactKey: Guid(67db1ff19bd032e41a409a54d8a12820) Importer(815301076,1909f56bfc062723c751e8b465ee728b)
Start importing Assets/_Scripts/Util/Helpers/CollectorHelper.cs using Guid(67db1ff19bd032e41a409a54d8a12820) Importer(815301076,1909f56bfc062723c751e8b465ee728b)  -> (artifact id: 'eb2631116a36af1792b7fa3f3b738884') in 0.012394 seconds
  Import took 0.014740 seconds .

========================================================================
Received Prepare
Registering precompiled user dll's ...
Registered in 0.000613 seconds.
Begin MonoManager ReloadAssembly
Native extension for LinuxStandalone target not found
Native extension for WindowsStandalone target not found
Native extension for OSXStandalone target not found
Native extension for WebGL target not found
Refreshing native plugins compatible for Editor in 0.20 ms, found 0 plugins.
Preloading 0 native plugins for Editor in 0.00 ms.
Mono: successfully reloaded assembly
- Completed reload, in  0.806 seconds
Platform modules already initialized, skipping
Switching build target platform(19) subTarget(0) extendedPlatform(0) -> platform(13) subTarget(537395200) extendedPlatform(0)
Refreshing native plugins compatible for Editor in 0.20 ms, found 0 plugins.
Preloading 0 native plugins for Editor in 0.00 ms.
Unloading 1213 Unused Serialized files (Serialized files now loaded: 0)
System memory in use before: 63.1 MB.
System memory in use after: 63.2 MB.

Unloading 6 unused Assets to reduce memory usage. Loaded Objects now: 1678.
Total: 1.546300 ms (FindLiveObjects: 0.129800 ms CreateObjectMapping: 0.030400 ms MarkObjects: 1.344400 ms  DeleteObjects: 0.041100 ms)

AssetImportParameters requested are different than current active one (requested -> active):
  custom:graphics/normal-map-encoding: 01000000000000000000000000000000 -> 02000000000000000000000000000000
========================================================================
Received Prepare
Registering precompiled user dll's ...
Registered in 0.000646 seconds.
Begin MonoManager ReloadAssembly
Native extension for LinuxStandalone target not found
Native extension for WindowsStandalone target not found
Native extension for OSXStandalone target not found
Native extension for WebGL target not found
Refreshing native plugins compatible for Editor in 0.21 ms, found 0 plugins.
Preloading 0 native plugins for Editor in 0.00 ms.
Mono: successfully reloaded assembly
- Completed reload, in  0.670 seconds
Platform modules already initialized, skipping
Switching build target platform(19) subTarget(0) extendedPlatform(0) -> platform(13) subTarget(537395200) extendedPlatform(0)
Refreshing native plugins compatible for Editor in 0.20 ms, found 0 plugins.
Preloading 0 native plugins for Editor in 0.00 ms.
Unloading 1213 Unused Serialized files (Serialized files now loaded: 0)
System memory in use before: 63.1 MB.
System memory in use after: 63.2 MB.

Unloading 5 unused Assets to reduce memory usage. Loaded Objects now: 1681.
Total: 1.562200 ms (FindLiveObjects: 0.111600 ms CreateObjectMapping: 0.029200 ms MarkObjects: 1.380200 ms  DeleteObjects: 0.040100 ms)

AssetImportParameters requested are different than current active one (requested -> active):
  custom:graphics/normal-map-encoding: 01000000000000000000000000000000 -> 02000000000000000000000000000000
========================================================================
Received Import Request.
  Time since last request: 136.651105 seconds.
  path: Assets/_Scripts/Util/Helpers/StartPhase.cs
  artifactKey: Guid(af6d21ff0b57b0e4d8539416e3c6cb2a) Importer(815301076,1909f56bfc062723c751e8b465ee728b)
Start importing Assets/_Scripts/Util/Helpers/StartPhase.cs using Guid(af6d21ff0b57b0e4d8539416e3c6cb2a) Importer(815301076,1909f56bfc062723c751e8b465ee728b)  -> (artifact id: '2f197e51364b46d16df7e8ebf7e631ea') in 0.008690 seconds
  Import took 0.010707 seconds .

========================================================================
Received Prepare
Registering precompiled user dll's ...
Registered in 0.000619 seconds.
Begin MonoManager ReloadAssembly
Native extension for LinuxStandalone target not found
Native extension for WindowsStandalone target not found
Native extension for OSXStandalone target not found
Native extension for WebGL target not found
Refreshing native plugins compatible for Editor in 0.21 ms, found 0 plugins.
Preloading 0 native plugins for Editor in 0.00 ms.
Mono: successfully reloaded assembly
- Completed reload, in  0.667 seconds
Platform modules already initialized, skipping
Switching build target platform(19) subTarget(0) extendedPlatform(0) -> platform(13) subTarget(537395200) extendedPlatform(0)
Refreshing native plugins compatible for Editor in 0.20 ms, found 0 plugins.
Preloading 0 native plugins for Editor in 0.00 ms.
Unloading 1214 Unused Serialized files (Serialized files now loaded: 0)
System memory in use before: 63.1 MB.
System memory in use after: 63.2 MB.

Unloading 5 unused Assets to reduce memory usage. Loaded Objects now: 1685.
Total: 1.584200 ms (FindLiveObjects: 0.104300 ms CreateObjectMapping: 0.028600 ms MarkObjects: 1.413300 ms  DeleteObjects: 0.037200 ms)

AssetImportParameters requested are different than current active one (requested -> active):
  custom:graphics/normal-map-encoding: 01000000000000000000000000000000 -> 02000000000000000000000000000000
========================================================================
Received Prepare
Registering precompiled user dll's ...
Registered in 0.000645 seconds.
Begin MonoManager ReloadAssembly
Native extension for LinuxStandalone target not found
Native extension for WindowsStandalone target not found
Native extension for OSXStandalone target not found
Native extension for WebGL target not found
Refreshing native plugins compatible for Editor in 0.21 ms, found 0 plugins.
Preloading 0 native plugins for Editor in 0.00 ms.
Mono: successfully reloaded assembly
- Completed reload, in  0.772 seconds
Platform modules already initialized, skipping
Switching build target platform(19) subTarget(0) extendedPlatform(0) -> platform(13) subTarget(537395200) extendedPlatform(0)
Refreshing native plugins compatible for Editor in 0.21 ms, found 0 plugins.
Preloading 0 native plugins for Editor in 0.00 ms.
Unloading 1213 Unused Serialized files (Serialized files now loaded: 0)
System memory in use before: 63.1 MB.
System memory in use after: 63.2 MB.

Unloading 6 unused Assets to reduce memory usage. Loaded Objects now: 1687.
Total: 1.546800 ms (FindLiveObjects: 0.115000 ms CreateObjectMapping: 0.031000 ms MarkObjects: 1.357000 ms  DeleteObjects: 0.043100 ms)

AssetImportParameters requested are different than current active one (requested -> active):
  custom:graphics/normal-map-encoding: 01000000000000000000000000000000 -> 02000000000000000000000000000000
========================================================================
Received Prepare
Registering precompiled user dll's ...
Registered in 0.000612 seconds.
Begin MonoManager ReloadAssembly
Native extension for LinuxStandalone target not found
Native extension for WindowsStandalone target not found
Native extension for OSXStandalone target not found
Native extension for WebGL target not found
Refreshing native plugins compatible for Editor in 0.20 ms, found 0 plugins.
Preloading 0 native plugins for Editor in 0.00 ms.
Mono: successfully reloaded assembly
- Completed reload, in  0.663 seconds
Platform modules already initialized, skipping
Switching build target platform(19) subTarget(0) extendedPlatform(0) -> platform(13) subTarget(537395200) extendedPlatform(0)
Refreshing native plugins compatible for Editor in 0.20 ms, found 0 plugins.
Preloading 0 native plugins for Editor in 0.00 ms.
Unloading 1213 Unused Serialized files (Serialized files now loaded: 0)
System memory in use before: 63.1 MB.
System memory in use after: 63.2 MB.

Unloading 5 unused Assets to reduce memory usage. Loaded Objects now: 1690.
Total: 1.565700 ms (FindLiveObjects: 0.127900 ms CreateObjectMapping: 0.028100 ms MarkObjects: 1.371000 ms  DeleteObjects: 0.038100 ms)

AssetImportParameters requested are different than current active one (requested -> active):
  custom:graphics/normal-map-encoding: 01000000000000000000000000000000 -> 02000000000000000000000000000000
========================================================================
Received Import Request.
  Time since last request: 897.445757 seconds.
  path: Assets/_Scripts/Util/Helpers/SpawnPositions.cs
  artifactKey: Guid(0083340e2d280ab47bcb8789a1c0f748) Importer(815301076,1909f56bfc062723c751e8b465ee728b)
Start importing Assets/_Scripts/Util/Helpers/SpawnPositions.cs using Guid(0083340e2d280ab47bcb8789a1c0f748) Importer(815301076,1909f56bfc062723c751e8b465ee728b)  -> (artifact id: '02b1641c98d732e1ae3d5656e59e65fa') in 0.010617 seconds
  Import took 0.013336 seconds .

========================================================================
Received Prepare
Registering precompiled user dll's ...
Registered in 0.000568 seconds.
Begin MonoManager ReloadAssembly
Native extension for LinuxStandalone target not found
Native extension for WindowsStandalone target not found
Native extension for OSXStandalone target not found
Native extension for WebGL target not found
Refreshing native plugins compatible for Editor in 0.20 ms, found 0 plugins.
Preloading 0 native plugins for Editor in 0.00 ms.
Mono: successfully reloaded assembly
- Completed reload, in  0.669 seconds
Platform modules already initialized, skipping
Switching build target platform(19) subTarget(0) extendedPlatform(0) -> platform(13) subTarget(537395200) extendedPlatform(0)
Refreshing native plugins compatible for Editor in 0.20 ms, found 0 plugins.
Preloading 0 native plugins for Editor in 0.00 ms.
Unloading 1214 Unused Serialized files (Serialized files now loaded: 0)
System memory in use before: 63.2 MB.
System memory in use after: 63.2 MB.

Unloading 5 unused Assets to reduce memory usage. Loaded Objects now: 1694.
Total: 1.544600 ms (FindLiveObjects: 0.127500 ms CreateObjectMapping: 0.027600 ms MarkObjects: 1.345700 ms  DeleteObjects: 0.043200 ms)

AssetImportParameters requested are different than current active one (requested -> active):
  custom:graphics/normal-map-encoding: 01000000000000000000000000000000 -> 02000000000000000000000000000000
========================================================================
Received Prepare
Registering precompiled user dll's ...
Registered in 0.000644 seconds.
Begin MonoManager ReloadAssembly
Native extension for LinuxStandalone target not found
Native extension for WindowsStandalone target not found
Native extension for OSXStandalone target not found
Native extension for WebGL target not found
Refreshing native plugins compatible for Editor in 0.21 ms, found 0 plugins.
Preloading 0 native plugins for Editor in 0.00 ms.
Mono: successfully reloaded assembly
- Completed reload, in  0.721 seconds
Platform modules already initialized, skipping
Switching build target platform(19) subTarget(0) extendedPlatform(0) -> platform(13) subTarget(537395200) extendedPlatform(0)
Refreshing native plugins compatible for Editor in 0.20 ms, found 0 plugins.
Preloading 0 native plugins for Editor in 0.00 ms.
Unloading 1214 Unused Serialized files (Serialized files now loaded: 0)
System memory in use before: 63.2 MB.
System memory in use after: 63.2 MB.

Unloading 5 unused Assets to reduce memory usage. Loaded Objects now: 1697.
Total: 1.726200 ms (FindLiveObjects: 0.142300 ms CreateObjectMapping: 0.029100 ms MarkObjects: 1.513500 ms  DeleteObjects: 0.040600 ms)

AssetImportParameters requested are different than current active one (requested -> active):
  custom:graphics/normal-map-encoding: 01000000000000000000000000000000 -> 02000000000000000000000000000000
========================================================================
Received Import Request.
  Time since last request: 174.427610 seconds.
  path: Assets/_Scripts/Util/Helpers/SpawnPositions.cs
  artifactKey: Guid(0083340e2d280ab47bcb8789a1c0f748) Importer(815301076,1909f56bfc062723c751e8b465ee728b)
Start importing Assets/_Scripts/Util/Helpers/SpawnPositions.cs using Guid(0083340e2d280ab47bcb8789a1c0f748) Importer(815301076,1909f56bfc062723c751e8b465ee728b)  -> (artifact id: 'd32ca33ab811a332cd5e23d37780cbb2') in 0.004253 seconds
  Import took 0.005978 seconds .

========================================================================
Received Prepare
Registering precompiled user dll's ...
Registered in 0.000571 seconds.
Begin MonoManager ReloadAssembly
Native extension for LinuxStandalone target not found
Native extension for WindowsStandalone target not found
Native extension for OSXStandalone target not found
Native extension for WebGL target not found
Refreshing native plugins compatible for Editor in 0.22 ms, found 0 plugins.
Preloading 0 native plugins for Editor in 0.00 ms.
Mono: successfully reloaded assembly
- Completed reload, in  0.686 seconds
Platform modules already initialized, skipping
Switching build target platform(19) subTarget(0) extendedPlatform(0) -> platform(13) subTarget(537395200) extendedPlatform(0)
Refreshing native plugins compatible for Editor in 0.21 ms, found 0 plugins.
Preloading 0 native plugins for Editor in 0.00 ms.
Unloading 1214 Unused Serialized files (Serialized files now loaded: 0)
System memory in use before: 63.2 MB.
System memory in use after: 63.2 MB.

Unloading 5 unused Assets to reduce memory usage. Loaded Objects now: 1700.
Total: 1.608800 ms (FindLiveObjects: 0.139400 ms CreateObjectMapping: 0.029100 ms MarkObjects: 1.399900 ms  DeleteObjects: 0.039500 ms)

AssetImportParameters requested are different than current active one (requested -> active):
  custom:graphics/normal-map-encoding: 01000000000000000000000000000000 -> 02000000000000000000000000000000
========================================================================
Received Prepare
Registering precompiled user dll's ...
Registered in 0.000907 seconds.
Begin MonoManager ReloadAssembly
Native extension for LinuxStandalone target not found
Native extension for WindowsStandalone target not found
Native extension for OSXStandalone target not found
Native extension for WebGL target not found
Refreshing native plugins compatible for Editor in 0.20 ms, found 0 plugins.
Preloading 0 native plugins for Editor in 0.00 ms.
Mono: successfully reloaded assembly
- Completed reload, in  0.707 seconds
Platform modules already initialized, skipping
Switching build target platform(19) subTarget(0) extendedPlatform(0) -> platform(13) subTarget(537395200) extendedPlatform(0)
Refreshing native plugins compatible for Editor in 0.21 ms, found 0 plugins.
Preloading 0 native plugins for Editor in 0.00 ms.
Unloading 1214 Unused Serialized files (Serialized files now loaded: 0)
System memory in use before: 63.2 MB.
System memory in use after: 63.3 MB.

Unloading 5 unused Assets to reduce memory usage. Loaded Objects now: 1703.
Total: 1.618000 ms (FindLiveObjects: 0.133200 ms CreateObjectMapping: 0.028600 ms MarkObjects: 1.415500 ms  DeleteObjects: 0.040000 ms)

AssetImportParameters requested are different than current active one (requested -> active):
  custom:graphics/normal-map-encoding: 01000000000000000000000000000000 -> 02000000000000000000000000000000
========================================================================
Received Import Request.
  Time since last request: 217.308136 seconds.
  path: Assets/_Scripts/Util/Helpers/JoystickHelpers.cs
  artifactKey: Guid(65ec3327f444fab4ca1183bd738879dc) Importer(815301076,1909f56bfc062723c751e8b465ee728b)
Start importing Assets/_Scripts/Util/Helpers/JoystickHelpers.cs using Guid(65ec3327f444fab4ca1183bd738879dc) Importer(815301076,1909f56bfc062723c751e8b465ee728b)  -> (artifact id: '26b8bcadfb4d5a32a61472360743f061') in 0.009224 seconds
  Import took 0.011657 seconds .

========================================================================
Received Prepare
Registering precompiled user dll's ...
Registered in 0.000582 seconds.
Begin MonoManager ReloadAssembly
Native extension for LinuxStandalone target not found
Native extension for WindowsStandalone target not found
Native extension for OSXStandalone target not found
Native extension for WebGL target not found
Refreshing native plugins compatible for Editor in 0.20 ms, found 0 plugins.
Preloading 0 native plugins for Editor in 0.00 ms.
Mono: successfully reloaded assembly
- Completed reload, in  0.685 seconds
Platform modules already initialized, skipping
Switching build target platform(19) subTarget(0) extendedPlatform(0) -> platform(13) subTarget(537395200) extendedPlatform(0)
Refreshing native plugins compatible for Editor in 0.20 ms, found 0 plugins.
Preloading 0 native plugins for Editor in 0.00 ms.
Unloading 1214 Unused Serialized files (Serialized files now loaded: 0)
System memory in use before: 63.2 MB.
System memory in use after: 63.3 MB.

Unloading 5 unused Assets to reduce memory usage. Loaded Objects now: 1706.
Total: 1.659200 ms (FindLiveObjects: 0.126900 ms CreateObjectMapping: 0.028100 ms MarkObjects: 1.464700 ms  DeleteObjects: 0.038800 ms)

AssetImportParameters requested are different than current active one (requested -> active):
  custom:graphics/normal-map-encoding: 01000000000000000000000000000000 -> 02000000000000000000000000000000
========================================================================
Received Import Request.
  Time since last request: 164.118889 seconds.
  path: Assets/_Scripts/Util/Helpers/JoystickHelpers.cs
  artifactKey: Guid(65ec3327f444fab4ca1183bd738879dc) Importer(815301076,1909f56bfc062723c751e8b465ee728b)
Start importing Assets/_Scripts/Util/Helpers/JoystickHelpers.cs using Guid(65ec3327f444fab4ca1183bd738879dc) Importer(815301076,1909f56bfc062723c751e8b465ee728b)  -> (artifact id: 'dc71eef5365422bbeec56314d90d6294') in 0.004673 seconds
  Import took 0.006468 seconds .

========================================================================
Received Prepare
Registering precompiled user dll's ...
Registered in 0.000604 seconds.
Begin MonoManager ReloadAssembly
Native extension for LinuxStandalone target not found
Native extension for WindowsStandalone target not found
Native extension for OSXStandalone target not found
Native extension for WebGL target not found
Refreshing native plugins compatible for Editor in 0.21 ms, found 0 plugins.
Preloading 0 native plugins for Editor in 0.00 ms.
Mono: successfully reloaded assembly
- Completed reload, in  0.720 seconds
Platform modules already initialized, skipping
Switching build target platform(19) subTarget(0) extendedPlatform(0) -> platform(13) subTarget(537395200) extendedPlatform(0)
Refreshing native plugins compatible for Editor in 0.20 ms, found 0 plugins.
Preloading 0 native plugins for Editor in 0.00 ms.
Unloading 1214 Unused Serialized files (Serialized files now loaded: 0)
System memory in use before: 63.3 MB.
System memory in use after: 63.3 MB.

Unloading 5 unused Assets to reduce memory usage. Loaded Objects now: 1709.
Total: 1.833400 ms (FindLiveObjects: 0.133600 ms CreateObjectMapping: 0.029000 ms MarkObjects: 1.627300 ms  DeleteObjects: 0.042600 ms)

AssetImportParameters requested are different than current active one (requested -> active):
  custom:graphics/normal-map-encoding: 01000000000000000000000000000000 -> 02000000000000000000000000000000
========================================================================
Received Import Request.
  Time since last request: 80.233822 seconds.
  path: Assets/_Scripts/Util/Helpers/JoystickHelpers.cs
  artifactKey: Guid(65ec3327f444fab4ca1183bd738879dc) Importer(815301076,1909f56bfc062723c751e8b465ee728b)
Start importing Assets/_Scripts/Util/Helpers/JoystickHelpers.cs using Guid(65ec3327f444fab4ca1183bd738879dc) Importer(815301076,1909f56bfc062723c751e8b465ee728b)  -> (artifact id: '41bf1fd925fe76c29951284529b002d9') in 0.004028 seconds
  Import took 0.005729 seconds .

========================================================================
Received Import Request.
  Time since last request: 2.236243 seconds.
  path: Assets/_Scripts/Util/Helpers/JoystickHelpers.cs
  artifactKey: Guid(65ec3327f444fab4ca1183bd738879dc) Importer(815301076,1909f56bfc062723c751e8b465ee728b)
Start importing Assets/_Scripts/Util/Helpers/JoystickHelpers.cs using Guid(65ec3327f444fab4ca1183bd738879dc) Importer(815301076,1909f56bfc062723c751e8b465ee728b)  -> (artifact id: '41bf1fd925fe76c29951284529b002d9') in 0.003273 seconds
  Import took 0.005501 seconds .

========================================================================
Received Prepare
Registering precompiled user dll's ...
Registered in 0.000604 seconds.
Begin MonoManager ReloadAssembly
Native extension for LinuxStandalone target not found
Native extension for WindowsStandalone target not found
Native extension for OSXStandalone target not found
Native extension for WebGL target not found
Refreshing native plugins compatible for Editor in 0.20 ms, found 0 plugins.
Preloading 0 native plugins for Editor in 0.00 ms.
Mono: successfully reloaded assembly
- Completed reload, in  0.721 seconds
Platform modules already initialized, skipping
Switching build target platform(19) subTarget(0) extendedPlatform(0) -> platform(13) subTarget(537395200) extendedPlatform(0)
Refreshing native plugins compatible for Editor in 0.21 ms, found 0 plugins.
Preloading 0 native plugins for Editor in 0.00 ms.
Unloading 1214 Unused Serialized files (Serialized files now loaded: 0)
System memory in use before: 63.3 MB.
System memory in use after: 63.4 MB.

Unloading 5 unused Assets to reduce memory usage. Loaded Objects now: 1712.
Total: 1.542200 ms (FindLiveObjects: 0.136300 ms CreateObjectMapping: 0.028100 ms MarkObjects: 1.333700 ms  DeleteObjects: 0.043400 ms)

AssetImportParameters requested are different than current active one (requested -> active):
  custom:graphics/normal-map-encoding: 01000000000000000000000000000000 -> 02000000000000000000000000000000
========================================================================
Received Prepare
Registering precompiled user dll's ...
Registered in 0.000780 seconds.
Begin MonoManager ReloadAssembly
Native extension for LinuxStandalone target not found
Native extension for WindowsStandalone target not found
Native extension for OSXStandalone target not found
Native extension for WebGL target not found
Refreshing native plugins compatible for Editor in 0.20 ms, found 0 plugins.
Preloading 0 native plugins for Editor in 0.00 ms.
Mono: successfully reloaded assembly
- Completed reload, in  0.687 seconds
Platform modules already initialized, skipping
Switching build target platform(19) subTarget(0) extendedPlatform(0) -> platform(13) subTarget(537395200) extendedPlatform(0)
Refreshing native plugins compatible for Editor in 0.21 ms, found 0 plugins.
Preloading 0 native plugins for Editor in 0.00 ms.
Unloading 1214 Unused Serialized files (Serialized files now loaded: 0)
System memory in use before: 63.3 MB.
System memory in use after: 63.4 MB.

Unloading 5 unused Assets to reduce memory usage. Loaded Objects now: 1715.
Total: 1.562200 ms (FindLiveObjects: 0.130600 ms CreateObjectMapping: 0.029200 ms MarkObjects: 1.358000 ms  DeleteObjects: 0.043700 ms)

AssetImportParameters requested are different than current active one (requested -> active):
  custom:graphics/normal-map-encoding: 01000000000000000000000000000000 -> 02000000000000000000000000000000
========================================================================
Received Prepare
Registering precompiled user dll's ...
Registered in 0.000718 seconds.
Begin MonoManager ReloadAssembly
Native extension for LinuxStandalone target not found
Native extension for WindowsStandalone target not found
Native extension for OSXStandalone target not found
Native extension for WebGL target not found
Refreshing native plugins compatible for Editor in 0.21 ms, found 0 plugins.
Preloading 0 native plugins for Editor in 0.00 ms.
Mono: successfully reloaded assembly
- Completed reload, in  0.652 seconds
Platform modules already initialized, skipping
Switching build target platform(19) subTarget(0) extendedPlatform(0) -> platform(13) subTarget(537395200) extendedPlatform(0)
Refreshing native plugins compatible for Editor in 0.20 ms, found 0 plugins.
Preloading 0 native plugins for Editor in 0.00 ms.
Unloading 1214 Unused Serialized files (Serialized files now loaded: 0)
System memory in use before: 63.3 MB.
System memory in use after: 63.4 MB.

Unloading 5 unused Assets to reduce memory usage. Loaded Objects now: 1718.
Total: 1.675800 ms (FindLiveObjects: 0.127500 ms CreateObjectMapping: 0.029800 ms MarkObjects: 1.480200 ms  DeleteObjects: 0.037600 ms)

AssetImportParameters requested are different than current active one (requested -> active):
  custom:graphics/normal-map-encoding: 01000000000000000000000000000000 -> 02000000000000000000000000000000
========================================================================
Received Import Request.
  Time since last request: 213.205268 seconds.
  path: Assets/_Prefabs/Helper
  artifactKey: Guid(89ed326781c043b46a1e12200f0da19a) Importer(815301076,1909f56bfc062723c751e8b465ee728b)
Start importing Assets/_Prefabs/Helper using Guid(89ed326781c043b46a1e12200f0da19a) Importer(815301076,1909f56bfc062723c751e8b465ee728b)  -> (artifact id: '99211d643f4a542a8475e1edea59f3c4') in 0.008156 seconds
  Import took 0.009930 seconds .

========================================================================
Received Import Request.
  Time since last request: 5.609710 seconds.
  path: Assets/_Prefabs/Helper/StartPhase.prefab
  artifactKey: Guid(022ccdb6f775dab4c8912fa0ce2a5a5e) Importer(815301076,1909f56bfc062723c751e8b465ee728b)
Start importing Assets/_Prefabs/Helper/StartPhase.prefab using Guid(022ccdb6f775dab4c8912fa0ce2a5a5e) Importer(815301076,1909f56bfc062723c751e8b465ee728b)  -> (artifact id: 'cf29991b0dd8fd64a9d804e6a3d9645c') in 0.025633 seconds
  Import took 0.028071 seconds .

========================================================================
Received Import Request.
  Time since last request: 0.002852 seconds.
  path: Assets/_Prefabs/Helper/StartPhase.prefab
  artifactKey: Guid(022ccdb6f775dab4c8912fa0ce2a5a5e) Importer(815301076,1909f56bfc062723c751e8b465ee728b)
Start importing Assets/_Prefabs/Helper/StartPhase.prefab using Guid(022ccdb6f775dab4c8912fa0ce2a5a5e) Importer(815301076,1909f56bfc062723c751e8b465ee728b)  -> (artifact id: 'cf29991b0dd8fd64a9d804e6a3d9645c') in 0.004440 seconds
  Import took 0.006594 seconds .

========================================================================
Received Import Request.
  Time since last request: 7.374693 seconds.
  path: Assets/_Prefabs/Helper/Phase
  artifactKey: Guid(45456b314fc687f4492ce2acc686eb05) Importer(815301076,1909f56bfc062723c751e8b465ee728b)
Start importing Assets/_Prefabs/Helper/Phase using Guid(45456b314fc687f4492ce2acc686eb05) Importer(815301076,1909f56bfc062723c751e8b465ee728b)  -> (artifact id: '49ecf873ced17209ddc81cf5813358a3') in 0.008543 seconds
  Import took 0.010390 seconds .

========================================================================
Received Import Request.
  Time since last request: 655.055607 seconds.
  path: Assets/_Scripts/Waves
  artifactKey: Guid(734142a6233a1e144908d2288f181e0d) Importer(815301076,1909f56bfc062723c751e8b465ee728b)
Start importing Assets/_Scripts/Waves using Guid(734142a6233a1e144908d2288f181e0d) Importer(815301076,1909f56bfc062723c751e8b465ee728b)  -> (artifact id: 'd8e3a11b131c5f7754f3ac7c6b1a1214') in 0.009117 seconds
  Import took 0.011745 seconds .

========================================================================
Received Import Request.
  Time since last request: 0.000293 seconds.
  path: Assets/_Scripts/Waves
  artifactKey: Guid(734142a6233a1e144908d2288f181e0d) Importer(815301076,1909f56bfc062723c751e8b465ee728b)
Start importing Assets/_Scripts/Waves using Guid(734142a6233a1e144908d2288f181e0d) Importer(815301076,1909f56bfc062723c751e8b465ee728b)  -> (artifact id: 'd8e3a11b131c5f7754f3ac7c6b1a1214') in 0.017713 seconds
  Import took 0.019538 seconds .

========================================================================
Received Import Request.
  Time since last request: 10.311312 seconds.
  path: Assets/_Scripts/Waves/Wave.cs
  artifactKey: Guid(f79c0d7a42c16a9438e563a8f7dfa770) Importer(815301076,1909f56bfc062723c751e8b465ee728b)
Start importing Assets/_Scripts/Waves/Wave.cs using Guid(f79c0d7a42c16a9438e563a8f7dfa770) Importer(815301076,1909f56bfc062723c751e8b465ee728b)  -> (artifact id: 'b8cbc0f9ec92dc6ea0c71d7567d9af25') in 0.008417 seconds
  Import took 0.010759 seconds .

========================================================================
Received Prepare
Registering precompiled user dll's ...
Registered in 0.000574 seconds.
Begin MonoManager ReloadAssembly
Native extension for LinuxStandalone target not found
Native extension for WindowsStandalone target not found
Native extension for OSXStandalone target not found
Native extension for WebGL target not found
Refreshing native plugins compatible for Editor in 0.24 ms, found 0 plugins.
Preloading 0 native plugins for Editor in 0.00 ms.
Mono: successfully reloaded assembly
- Completed reload, in  0.699 seconds
Platform modules already initialized, skipping
Switching build target platform(19) subTarget(0) extendedPlatform(0) -> platform(13) subTarget(537395200) extendedPlatform(0)
Refreshing native plugins compatible for Editor in 0.20 ms, found 0 plugins.
Preloading 0 native plugins for Editor in 0.00 ms.
Unloading 1215 Unused Serialized files (Serialized files now loaded: 0)
System memory in use before: 63.3 MB.
System memory in use after: 63.4 MB.

Unloading 5 unused Assets to reduce memory usage. Loaded Objects now: 1722.
Total: 1.569300 ms (FindLiveObjects: 0.131500 ms CreateObjectMapping: 0.028400 ms MarkObjects: 1.367000 ms  DeleteObjects: 0.041700 ms)

AssetImportParameters requested are different than current active one (requested -> active):
  custom:graphics/normal-map-encoding: 01000000000000000000000000000000 -> 02000000000000000000000000000000
========================================================================
Received Import Request.
  Time since last request: 2073.521971 seconds.
  path: Assets/_Scripts/Waves/Wave.cs
  artifactKey: Guid(f79c0d7a42c16a9438e563a8f7dfa770) Importer(815301076,1909f56bfc062723c751e8b465ee728b)
Start importing Assets/_Scripts/Waves/Wave.cs using Guid(f79c0d7a42c16a9438e563a8f7dfa770) Importer(815301076,1909f56bfc062723c751e8b465ee728b)  -> (artifact id: '7d0518d2064acd278729b72fa2b62101') in 0.010374 seconds
  Import took 0.012632 seconds .

========================================================================
Received Import Request.
  Time since last request: 0.029497 seconds.
  path: Assets/_ScriptableObjects/Enemy/MetalEnemy.asset
  artifactKey: Guid(be2856f8a68d04241b87fd925d15e4bc) Importer(815301076,1909f56bfc062723c751e8b465ee728b)
Start importing Assets/_ScriptableObjects/Enemy/MetalEnemy.asset using Guid(be2856f8a68d04241b87fd925d15e4bc) Importer(815301076,1909f56bfc062723c751e8b465ee728b)  -> (artifact id: '8662344b3e2293e7e08f9fe122f4e0e2') in 0.022738 seconds
  Import took 0.024669 seconds .

========================================================================
Received Import Request.
  Time since last request: 97.960871 seconds.
  path: Assets/_Scripts/Managers/WaveManager.cs
  artifactKey: Guid(47cf1df6c63b35e45a95cbb640be6586) Importer(815301076,1909f56bfc062723c751e8b465ee728b)
Start importing Assets/_Scripts/Managers/WaveManager.cs using Guid(47cf1df6c63b35e45a95cbb640be6586) Importer(815301076,1909f56bfc062723c751e8b465ee728b)  -> (artifact id: '488476d56eb12e2bbb9d60703e3e9aa9') in 0.008777 seconds
  Import took 0.010558 seconds .

========================================================================
Received Import Request.
  Time since last request: 0.019141 seconds.
  path: Assets/_Scripts/Managers/WaveManager.cs
  artifactKey: Guid(47cf1df6c63b35e45a95cbb640be6586) Importer(815301076,1909f56bfc062723c751e8b465ee728b)
Start importing Assets/_Scripts/Managers/WaveManager.cs using Guid(47cf1df6c63b35e45a95cbb640be6586) Importer(815301076,1909f56bfc062723c751e8b465ee728b)  -> (artifact id: '488476d56eb12e2bbb9d60703e3e9aa9') in 0.003802 seconds
  Import took 0.005629 seconds .

========================================================================
Received Import Request.
  Time since last request: 168.149754 seconds.
  path: Assets/_Scripts/ScriptableObjects/Enemy/SO_Enemy.cs
  artifactKey: Guid(914e48a768192174baf6eec0a8608836) Importer(815301076,1909f56bfc062723c751e8b465ee728b)
Start importing Assets/_Scripts/ScriptableObjects/Enemy/SO_Enemy.cs using Guid(914e48a768192174baf6eec0a8608836) Importer(815301076,1909f56bfc062723c751e8b465ee728b)  -> (artifact id: 'd78f7829728dd4e58a07a48691347eb2') in 0.007936 seconds
  Import took 0.009852 seconds .

========================================================================
Received Prepare
Registering precompiled user dll's ...
Registered in 0.000793 seconds.
Begin MonoManager ReloadAssembly
Native extension for LinuxStandalone target not found
Native extension for WindowsStandalone target not found
Native extension for OSXStandalone target not found
Native extension for WebGL target not found
Refreshing native plugins compatible for Editor in 0.21 ms, found 0 plugins.
Preloading 0 native plugins for Editor in 0.00 ms.
Mono: successfully reloaded assembly
- Completed reload, in  0.694 seconds
Platform modules already initialized, skipping
Switching build target platform(19) subTarget(0) extendedPlatform(0) -> platform(13) subTarget(537395200) extendedPlatform(0)
Refreshing native plugins compatible for Editor in 0.20 ms, found 0 plugins.
Preloading 0 native plugins for Editor in 0.00 ms.
Unloading 1215 Unused Serialized files (Serialized files now loaded: 0)
System memory in use before: 63.4 MB.
System memory in use after: 63.4 MB.

Unloading 6 unused Assets to reduce memory usage. Loaded Objects now: 1725.
Total: 1.549600 ms (FindLiveObjects: 0.129700 ms CreateObjectMapping: 0.028300 ms MarkObjects: 1.344800 ms  DeleteObjects: 0.046000 ms)

AssetImportParameters requested are different than current active one (requested -> active):
  custom:graphics/normal-map-encoding: 01000000000000000000000000000000 -> 02000000000000000000000000000000
========================================================================
Received Import Request.
  Time since last request: 200.456955 seconds.
  path: Assets/_ScriptableObjects/Enemy/PlasticEnemy.asset
  artifactKey: Guid(09facca971dd2b942a7bfd65b7ba0669) Importer(815301076,1909f56bfc062723c751e8b465ee728b)
Start importing Assets/_ScriptableObjects/Enemy/PlasticEnemy.asset using Guid(09facca971dd2b942a7bfd65b7ba0669) Importer(815301076,1909f56bfc062723c751e8b465ee728b)  -> (artifact id: '06e3df58b17668cea9d5d5cf0656509e') in 0.030717 seconds
  Import took 0.033215 seconds .

========================================================================
Received Prepare
Registering precompiled user dll's ...
Registered in 0.000621 seconds.
Begin MonoManager ReloadAssembly
Native extension for LinuxStandalone target not found
Native extension for WindowsStandalone target not found
Native extension for OSXStandalone target not found
Native extension for WebGL target not found
Refreshing native plugins compatible for Editor in 0.21 ms, found 0 plugins.
Preloading 0 native plugins for Editor in 0.00 ms.
Mono: successfully reloaded assembly
- Completed reload, in  0.706 seconds
Platform modules already initialized, skipping
Switching build target platform(19) subTarget(0) extendedPlatform(0) -> platform(13) subTarget(537395200) extendedPlatform(0)
Refreshing native plugins compatible for Editor in 0.20 ms, found 0 plugins.
Preloading 0 native plugins for Editor in 0.00 ms.
Unloading 1215 Unused Serialized files (Serialized files now loaded: 0)
System memory in use before: 63.4 MB.
System memory in use after: 63.4 MB.

Unloading 6 unused Assets to reduce memory usage. Loaded Objects now: 1729.
Total: 1.548800 ms (FindLiveObjects: 0.117200 ms CreateObjectMapping: 0.030700 ms MarkObjects: 1.358400 ms  DeleteObjects: 0.041600 ms)

AssetImportParameters requested are different than current active one (requested -> active):
  custom:graphics/normal-map-encoding: 01000000000000000000000000000000 -> 02000000000000000000000000000000
========================================================================
Received Prepare
Registering precompiled user dll's ...
Registered in 0.000614 seconds.
Begin MonoManager ReloadAssembly
Native extension for LinuxStandalone target not found
Native extension for WindowsStandalone target not found
Native extension for OSXStandalone target not found
Native extension for WebGL target not found
Refreshing native plugins compatible for Editor in 0.22 ms, found 0 plugins.
Preloading 0 native plugins for Editor in 0.00 ms.
Mono: successfully reloaded assembly
- Completed reload, in  0.716 seconds
Platform modules already initialized, skipping
Switching build target platform(19) subTarget(0) extendedPlatform(0) -> platform(13) subTarget(537395200) extendedPlatform(0)
Refreshing native plugins compatible for Editor in 0.20 ms, found 0 plugins.
Preloading 0 native plugins for Editor in 0.00 ms.
Unloading 1215 Unused Serialized files (Serialized files now loaded: 0)
System memory in use before: 63.4 MB.
System memory in use after: 63.4 MB.

Unloading 5 unused Assets to reduce memory usage. Loaded Objects now: 1732.
Total: 1.639700 ms (FindLiveObjects: 0.107000 ms CreateObjectMapping: 0.029800 ms MarkObjects: 1.465400 ms  DeleteObjects: 0.036900 ms)

AssetImportParameters requested are different than current active one (requested -> active):
  custom:graphics/normal-map-encoding: 01000000000000000000000000000000 -> 02000000000000000000000000000000
========================================================================
Received Import Request.
  Time since last request: 466.545060 seconds.
  path: Assets/_Scripts/Health/EnemyHealth.cs
  artifactKey: Guid(72b19bb5943074f4f8534f5cbe00e59b) Importer(815301076,1909f56bfc062723c751e8b465ee728b)
Start importing Assets/_Scripts/Health/EnemyHealth.cs using Guid(72b19bb5943074f4f8534f5cbe00e59b) Importer(815301076,1909f56bfc062723c751e8b465ee728b)  -> (artifact id: 'a8debc3c5bc95d4195d1ec9409cf1184') in 0.009491 seconds
  Import took 0.011622 seconds .

========================================================================
Received Import Request.
  Time since last request: 0.002296 seconds.
  path: Assets/_Scripts/Health/EnemyHealth.cs
  artifactKey: Guid(72b19bb5943074f4f8534f5cbe00e59b) Importer(815301076,1909f56bfc062723c751e8b465ee728b)
Start importing Assets/_Scripts/Health/EnemyHealth.cs using Guid(72b19bb5943074f4f8534f5cbe00e59b) Importer(815301076,1909f56bfc062723c751e8b465ee728b)  -> (artifact id: 'a8debc3c5bc95d4195d1ec9409cf1184') in 0.001898 seconds
  Import took 0.003945 seconds .

========================================================================
Received Prepare
Registering precompiled user dll's ...
Registered in 0.000636 seconds.
Begin MonoManager ReloadAssembly
Native extension for LinuxStandalone target not found
Native extension for WindowsStandalone target not found
Native extension for OSXStandalone target not found
Native extension for WebGL target not found
Refreshing native plugins compatible for Editor in 0.22 ms, found 0 plugins.
Preloading 0 native plugins for Editor in 0.00 ms.
Mono: successfully reloaded assembly
- Completed reload, in  0.743 seconds
Platform modules already initialized, skipping
Switching build target platform(19) subTarget(0) extendedPlatform(0) -> platform(13) subTarget(537395200) extendedPlatform(0)
Refreshing native plugins compatible for Editor in 0.21 ms, found 0 plugins.
Preloading 0 native plugins for Editor in 0.00 ms.
Unloading 1215 Unused Serialized files (Serialized files now loaded: 0)
System memory in use before: 63.4 MB.
System memory in use after: 63.5 MB.

Unloading 5 unused Assets to reduce memory usage. Loaded Objects now: 1735.
Total: 1.610700 ms (FindLiveObjects: 0.145500 ms CreateObjectMapping: 0.038900 ms MarkObjects: 1.380600 ms  DeleteObjects: 0.044700 ms)

AssetImportParameters requested are different than current active one (requested -> active):
  custom:graphics/normal-map-encoding: 01000000000000000000000000000000 -> 02000000000000000000000000000000
========================================================================
Received Import Request.
  Time since last request: 89.425992 seconds.
  path: Assets/_Scripts/Health/EnemyHealth.cs
  artifactKey: Guid(72b19bb5943074f4f8534f5cbe00e59b) Importer(815301076,1909f56bfc062723c751e8b465ee728b)
Start importing Assets/_Scripts/Health/EnemyHealth.cs using Guid(72b19bb5943074f4f8534f5cbe00e59b) Importer(815301076,1909f56bfc062723c751e8b465ee728b)  -> (artifact id: 'b0b7725660c381145140e2fec4199d57') in 0.003803 seconds
  Import took 0.005561 seconds .

========================================================================
Received Prepare
Registering precompiled user dll's ...
Registered in 0.000653 seconds.
Begin MonoManager ReloadAssembly
Native extension for LinuxStandalone target not found
Native extension for WindowsStandalone target not found
Native extension for OSXStandalone target not found
Native extension for WebGL target not found
Refreshing native plugins compatible for Editor in 0.20 ms, found 0 plugins.
Preloading 0 native plugins for Editor in 0.00 ms.
Mono: successfully reloaded assembly
- Completed reload, in  0.711 seconds
Platform modules already initialized, skipping
Switching build target platform(19) subTarget(0) extendedPlatform(0) -> platform(13) subTarget(537395200) extendedPlatform(0)
Refreshing native plugins compatible for Editor in 0.21 ms, found 0 plugins.
Preloading 0 native plugins for Editor in 0.00 ms.
Unloading 1215 Unused Serialized files (Serialized files now loaded: 0)
System memory in use before: 63.4 MB.
System memory in use after: 63.5 MB.

Unloading 5 unused Assets to reduce memory usage. Loaded Objects now: 1738.
Total: 1.661400 ms (FindLiveObjects: 0.134400 ms CreateObjectMapping: 0.028600 ms MarkObjects: 1.453400 ms  DeleteObjects: 0.044200 ms)

AssetImportParameters requested are different than current active one (requested -> active):
  custom:graphics/normal-map-encoding: 01000000000000000000000000000000 -> 02000000000000000000000000000000
========================================================================
Received Import Request.
  Time since last request: 317.633856 seconds.
  path: Assets/_ScriptableObjects/Enemy/MetalEnemy.asset
  artifactKey: Guid(be2856f8a68d04241b87fd925d15e4bc) Importer(815301076,1909f56bfc062723c751e8b465ee728b)
Start importing Assets/_ScriptableObjects/Enemy/MetalEnemy.asset using Guid(be2856f8a68d04241b87fd925d15e4bc) Importer(815301076,1909f56bfc062723c751e8b465ee728b)  -> (artifact id: '5ef2af9cb272eb3db4351da39cb9bae9') in 0.023050 seconds
  Import took 0.025233 seconds .

========================================================================
Received Import Request.
  Time since last request: 14.784647 seconds.
  path: Assets/_ScriptableObjects/Enemy/OrganicEnemy.asset
  artifactKey: Guid(502cd996327a36245b2e2e8483129481) Importer(815301076,1909f56bfc062723c751e8b465ee728b)
Start importing Assets/_ScriptableObjects/Enemy/OrganicEnemy.asset using Guid(502cd996327a36245b2e2e8483129481) Importer(815301076,1909f56bfc062723c751e8b465ee728b)  -> (artifact id: '41e75295d7d9cfbbbb44ce16c2df0870') in 0.012837 seconds
  Import took 0.015008 seconds .

========================================================================
Received Import Request.
  Time since last request: 0.000437 seconds.
  path: Assets/_ScriptableObjects/Enemy/OrganicEnemy.asset
  artifactKey: Guid(502cd996327a36245b2e2e8483129481) Importer(815301076,1909f56bfc062723c751e8b465ee728b)
Start importing Assets/_ScriptableObjects/Enemy/OrganicEnemy.asset using Guid(502cd996327a36245b2e2e8483129481) Importer(815301076,1909f56bfc062723c751e8b465ee728b)  -> (artifact id: '41e75295d7d9cfbbbb44ce16c2df0870') in 0.008121 seconds
  Import took 0.010209 seconds .

========================================================================
Received Prepare
Registering precompiled user dll's ...
Registered in 0.000582 seconds.
Begin MonoManager ReloadAssembly
Native extension for LinuxStandalone target not found
Native extension for WindowsStandalone target not found
Native extension for OSXStandalone target not found
Native extension for WebGL target not found
Refreshing native plugins compatible for Editor in 0.20 ms, found 0 plugins.
Preloading 0 native plugins for Editor in 0.00 ms.
Mono: successfully reloaded assembly
- Completed reload, in  0.687 seconds
Platform modules already initialized, skipping
Switching build target platform(19) subTarget(0) extendedPlatform(0) -> platform(13) subTarget(537395200) extendedPlatform(0)
Refreshing native plugins compatible for Editor in 0.20 ms, found 0 plugins.
Preloading 0 native plugins for Editor in 0.00 ms.
Unloading 1215 Unused Serialized files (Serialized files now loaded: 0)
System memory in use before: 63.4 MB.
System memory in use after: 63.5 MB.

Unloading 7 unused Assets to reduce memory usage. Loaded Objects now: 1741.
Total: 1.584100 ms (FindLiveObjects: 0.134100 ms CreateObjectMapping: 0.032100 ms MarkObjects: 1.367800 ms  DeleteObjects: 0.049200 ms)

AssetImportParameters requested are different than current active one (requested -> active):
  custom:graphics/normal-map-encoding: 01000000000000000000000000000000 -> 02000000000000000000000000000000
========================================================================
Received Prepare
Registering precompiled user dll's ...
Registered in 0.000649 seconds.
Begin MonoManager ReloadAssembly
Native extension for LinuxStandalone target not found
Native extension for WindowsStandalone target not found
Native extension for OSXStandalone target not found
Native extension for WebGL target not found
Refreshing native plugins compatible for Editor in 0.21 ms, found 0 plugins.
Preloading 0 native plugins for Editor in 0.00 ms.
Mono: successfully reloaded assembly
- Completed reload, in  0.701 seconds
Platform modules already initialized, skipping
Switching build target platform(19) subTarget(0) extendedPlatform(0) -> platform(13) subTarget(537395200) extendedPlatform(0)
Refreshing native plugins compatible for Editor in 0.22 ms, found 0 plugins.
Preloading 0 native plugins for Editor in 0.00 ms.
Unloading 1215 Unused Serialized files (Serialized files now loaded: 0)
System memory in use before: 63.4 MB.
System memory in use after: 63.5 MB.

Unloading 5 unused Assets to reduce memory usage. Loaded Objects now: 1744.
Total: 1.635800 ms (FindLiveObjects: 0.140300 ms CreateObjectMapping: 0.036100 ms MarkObjects: 1.416000 ms  DeleteObjects: 0.042700 ms)

AssetImportParameters requested are different than current active one (requested -> active):
  custom:graphics/normal-map-encoding: 01000000000000000000000000000000 -> 02000000000000000000000000000000
========================================================================
Received Prepare
Registering precompiled user dll's ...
Registered in 0.000641 seconds.
Begin MonoManager ReloadAssembly
Native extension for LinuxStandalone target not found
Native extension for WindowsStandalone target not found
Native extension for OSXStandalone target not found
Native extension for WebGL target not found
Refreshing native plugins compatible for Editor in 0.20 ms, found 0 plugins.
Preloading 0 native plugins for Editor in 0.00 ms.
Mono: successfully reloaded assembly
- Completed reload, in  0.717 seconds
Platform modules already initialized, skipping
Switching build target platform(19) subTarget(0) extendedPlatform(0) -> platform(13) subTarget(537395200) extendedPlatform(0)
Refreshing native plugins compatible for Editor in 0.21 ms, found 0 plugins.
Preloading 0 native plugins for Editor in 0.00 ms.
Unloading 1215 Unused Serialized files (Serialized files now loaded: 0)
System memory in use before: 63.4 MB.
System memory in use after: 63.5 MB.

Unloading 5 unused Assets to reduce memory usage. Loaded Objects now: 1747.
Total: 1.577900 ms (FindLiveObjects: 0.131200 ms CreateObjectMapping: 0.028900 ms MarkObjects: 1.374700 ms  DeleteObjects: 0.042500 ms)

AssetImportParameters requested are different than current active one (requested -> active):
  custom:graphics/normal-map-encoding: 01000000000000000000000000000000 -> 02000000000000000000000000000000
========================================================================
Received Import Request.
  Time since last request: 902.608504 seconds.
  path: Assets/_Prefabs/Enemy/OrganicEnemy.prefab
  artifactKey: Guid(fb25061ee52c53643aa8c506bbf26152) Importer(815301076,1909f56bfc062723c751e8b465ee728b)
Start importing Assets/_Prefabs/Enemy/OrganicEnemy.prefab using Guid(fb25061ee52c53643aa8c506bbf26152) Importer(815301076,1909f56bfc062723c751e8b465ee728b)  -> (artifact id: '940b1fd0802d7d8b1867e3088a879c4c') in 0.066295 seconds
  Import took 0.068877 seconds .

========================================================================
Received Prepare
Registering precompiled user dll's ...
Registered in 0.000690 seconds.
Begin MonoManager ReloadAssembly
Native extension for LinuxStandalone target not found
Native extension for WindowsStandalone target not found
Native extension for OSXStandalone target not found
Native extension for WebGL target not found
Refreshing native plugins compatible for Editor in 0.21 ms, found 0 plugins.
Preloading 0 native plugins for Editor in 0.00 ms.
Mono: successfully reloaded assembly
- Completed reload, in  0.706 seconds
Platform modules already initialized, skipping
Switching build target platform(19) subTarget(0) extendedPlatform(0) -> platform(13) subTarget(537395200) extendedPlatform(0)
Refreshing native plugins compatible for Editor in 0.20 ms, found 0 plugins.
Preloading 0 native plugins for Editor in 0.00 ms.
Unloading 1215 Unused Serialized files (Serialized files now loaded: 0)
System memory in use before: 63.4 MB.
System memory in use after: 63.5 MB.

Unloading 7 unused Assets to reduce memory usage. Loaded Objects now: 1751.
Total: 1.508400 ms (FindLiveObjects: 0.132600 ms CreateObjectMapping: 0.028500 ms MarkObjects: 1.298900 ms  DeleteObjects: 0.047600 ms)

AssetImportParameters requested are different than current active one (requested -> active):
  custom:graphics/normal-map-encoding: 01000000000000000000000000000000 -> 02000000000000000000000000000000
========================================================================
Received Prepare
Registering precompiled user dll's ...
Registered in 0.000652 seconds.
Begin MonoManager ReloadAssembly
Native extension for LinuxStandalone target not found
Native extension for WindowsStandalone target not found
Native extension for OSXStandalone target not found
Native extension for WebGL target not found
Refreshing native plugins compatible for Editor in 0.20 ms, found 0 plugins.
Preloading 0 native plugins for Editor in 0.00 ms.
Mono: successfully reloaded assembly
- Completed reload, in  0.719 seconds
Platform modules already initialized, skipping
Switching build target platform(19) subTarget(0) extendedPlatform(0) -> platform(13) subTarget(537395200) extendedPlatform(0)
Refreshing native plugins compatible for Editor in 0.20 ms, found 0 plugins.
Preloading 0 native plugins for Editor in 0.00 ms.
Unloading 1215 Unused Serialized files (Serialized files now loaded: 0)
System memory in use before: 63.4 MB.
System memory in use after: 63.5 MB.

Unloading 5 unused Assets to reduce memory usage. Loaded Objects now: 1754.
Total: 1.634000 ms (FindLiveObjects: 0.127000 ms CreateObjectMapping: 0.028200 ms MarkObjects: 1.428900 ms  DeleteObjects: 0.049200 ms)

AssetImportParameters requested are different than current active one (requested -> active):
  custom:graphics/normal-map-encoding: 01000000000000000000000000000000 -> 02000000000000000000000000000000
========================================================================
Received Import Request.
  Time since last request: 395.974216 seconds.
  path: Assets/_Prefabs/Enemy/MetalEnemy.prefab
  artifactKey: Guid(340084981b5a3e541a41d664102f902c) Importer(815301076,1909f56bfc062723c751e8b465ee728b)
Start importing Assets/_Prefabs/Enemy/MetalEnemy.prefab using Guid(340084981b5a3e541a41d664102f902c) Importer(815301076,1909f56bfc062723c751e8b465ee728b)  -> (artifact id: '99887a54c6f495c296439bd4b568131a') in 0.064823 seconds
  Import took 0.066975 seconds .

========================================================================
Received Prepare
Registering precompiled user dll's ...
Registered in 0.000638 seconds.
Begin MonoManager ReloadAssembly
Native extension for LinuxStandalone target not found
Native extension for WindowsStandalone target not found
Native extension for OSXStandalone target not found
Native extension for WebGL target not found
Refreshing native plugins compatible for Editor in 0.21 ms, found 0 plugins.
Preloading 0 native plugins for Editor in 0.00 ms.
Mono: successfully reloaded assembly
- Completed reload, in  0.704 seconds
Platform modules already initialized, skipping
Switching build target platform(19) subTarget(0) extendedPlatform(0) -> platform(13) subTarget(537395200) extendedPlatform(0)
Refreshing native plugins compatible for Editor in 0.22 ms, found 0 plugins.
Preloading 0 native plugins for Editor in 0.00 ms.
Unloading 1215 Unused Serialized files (Serialized files now loaded: 0)
System memory in use before: 63.5 MB.
System memory in use after: 63.5 MB.

Unloading 8 unused Assets to reduce memory usage. Loaded Objects now: 1758.
Total: 1.599400 ms (FindLiveObjects: 0.137800 ms CreateObjectMapping: 0.028800 ms MarkObjects: 1.381000 ms  DeleteObjects: 0.051100 ms)

AssetImportParameters requested are different than current active one (requested -> active):
  custom:graphics/normal-map-encoding: 01000000000000000000000000000000 -> 02000000000000000000000000000000
========================================================================
Received Prepare
Registering precompiled user dll's ...
Registered in 0.000617 seconds.
Begin MonoManager ReloadAssembly
Native extension for LinuxStandalone target not found
Native extension for WindowsStandalone target not found
Native extension for OSXStandalone target not found
Native extension for WebGL target not found
Refreshing native plugins compatible for Editor in 0.20 ms, found 0 plugins.
Preloading 0 native plugins for Editor in 0.00 ms.
Mono: successfully reloaded assembly
- Completed reload, in  0.741 seconds
Platform modules already initialized, skipping
Switching build target platform(19) subTarget(0) extendedPlatform(0) -> platform(13) subTarget(537395200) extendedPlatform(0)
Refreshing native plugins compatible for Editor in 0.20 ms, found 0 plugins.
Preloading 0 native plugins for Editor in 0.00 ms.
Unloading 1215 Unused Serialized files (Serialized files now loaded: 0)
System memory in use before: 63.5 MB.
System memory in use after: 63.5 MB.

Unloading 5 unused Assets to reduce memory usage. Loaded Objects now: 1761.
Total: 1.670000 ms (FindLiveObjects: 0.138500 ms CreateObjectMapping: 0.030500 ms MarkObjects: 1.460600 ms  DeleteObjects: 0.039400 ms)

AssetImportParameters requested are different than current active one (requested -> active):
  custom:graphics/normal-map-encoding: 01000000000000000000000000000000 -> 02000000000000000000000000000000
========================================================================
Received Prepare
Registering precompiled user dll's ...
Registered in 0.000874 seconds.
Begin MonoManager ReloadAssembly
Native extension for LinuxStandalone target not found
Native extension for WindowsStandalone target not found
Native extension for OSXStandalone target not found
Native extension for WebGL target not found
Refreshing native plugins compatible for Editor in 0.21 ms, found 0 plugins.
Preloading 0 native plugins for Editor in 0.00 ms.
Mono: successfully reloaded assembly
- Completed reload, in  0.705 seconds
Platform modules already initialized, skipping
Switching build target platform(19) subTarget(0) extendedPlatform(0) -> platform(13) subTarget(537395200) extendedPlatform(0)
Refreshing native plugins compatible for Editor in 0.22 ms, found 0 plugins.
Preloading 0 native plugins for Editor in 0.00 ms.
Unloading 1215 Unused Serialized files (Serialized files now loaded: 0)
System memory in use before: 63.5 MB.
System memory in use after: 63.5 MB.

Unloading 5 unused Assets to reduce memory usage. Loaded Objects now: 1764.
Total: 1.592300 ms (FindLiveObjects: 0.108500 ms CreateObjectMapping: 0.027800 ms MarkObjects: 1.417900 ms  DeleteObjects: 0.037500 ms)

AssetImportParameters requested are different than current active one (requested -> active):
  custom:graphics/normal-map-encoding: 01000000000000000000000000000000 -> 02000000000000000000000000000000
========================================================================
Received Import Request.
  Time since last request: 381.335239 seconds.
  path: Assets/_Prefabs/Enemy/MetalEnemy.prefab
  artifactKey: Guid(340084981b5a3e541a41d664102f902c) Importer(815301076,1909f56bfc062723c751e8b465ee728b)
Start importing Assets/_Prefabs/Enemy/MetalEnemy.prefab using Guid(340084981b5a3e541a41d664102f902c) Importer(815301076,1909f56bfc062723c751e8b465ee728b)  -> (artifact id: '1b5d575b43b3056e93c0e3d7f84a5b64') in 0.060777 seconds
  Import took 0.063073 seconds .

========================================================================
Received Import Request.
  Time since last request: 0.651345 seconds.
  path: Assets/_Prefabs/Enemy/OrganicEnemy.prefab
  artifactKey: Guid(fb25061ee52c53643aa8c506bbf26152) Importer(815301076,1909f56bfc062723c751e8b465ee728b)
Start importing Assets/_Prefabs/Enemy/OrganicEnemy.prefab using Guid(fb25061ee52c53643aa8c506bbf26152) Importer(815301076,1909f56bfc062723c751e8b465ee728b)  -> (artifact id: 'dc7144c85c3eea585ca9ec39b19787b4') in 0.013345 seconds
  Import took 0.015504 seconds .

========================================================================
Received Import Request.
  Time since last request: 179.004985 seconds.
  path: Assets/_ScriptableObjects/Enemy/MetalEnemy.asset
  artifactKey: Guid(be2856f8a68d04241b87fd925d15e4bc) Importer(815301076,1909f56bfc062723c751e8b465ee728b)
Start importing Assets/_ScriptableObjects/Enemy/MetalEnemy.asset using Guid(be2856f8a68d04241b87fd925d15e4bc) Importer(815301076,1909f56bfc062723c751e8b465ee728b)  -> (artifact id: 'f619ec0f38ffe6247b9b5bf671d5797e') in 0.007869 seconds
  Import took 0.010135 seconds .

========================================================================
Received Import Request.
  Time since last request: 0.609465 seconds.
  path: Assets/_ScriptableObjects/Enemy/OrganicEnemy.asset
  artifactKey: Guid(502cd996327a36245b2e2e8483129481) Importer(815301076,1909f56bfc062723c751e8b465ee728b)
Start importing Assets/_ScriptableObjects/Enemy/OrganicEnemy.asset using Guid(502cd996327a36245b2e2e8483129481) Importer(815301076,1909f56bfc062723c751e8b465ee728b)  -> (artifact id: 'fbb0c292c5cc049a73a19239b270e922') in 0.007550 seconds
  Import took 0.009681 seconds .

========================================================================
Received Prepare
Registering precompiled user dll's ...
Registered in 0.000659 seconds.
Begin MonoManager ReloadAssembly
Native extension for LinuxStandalone target not found
Native extension for WindowsStandalone target not found
Native extension for OSXStandalone target not found
Native extension for WebGL target not found
Refreshing native plugins compatible for Editor in 0.22 ms, found 0 plugins.
Preloading 0 native plugins for Editor in 0.00 ms.
Mono: successfully reloaded assembly
- Completed reload, in  0.682 seconds
Platform modules already initialized, skipping
Switching build target platform(19) subTarget(0) extendedPlatform(0) -> platform(13) subTarget(537395200) extendedPlatform(0)
Refreshing native plugins compatible for Editor in 0.20 ms, found 0 plugins.
Preloading 0 native plugins for Editor in 0.00 ms.
Unloading 1215 Unused Serialized files (Serialized files now loaded: 0)
System memory in use before: 63.5 MB.
System memory in use after: 63.6 MB.

Unloading 8 unused Assets to reduce memory usage. Loaded Objects now: 1768.
Total: 1.603500 ms (FindLiveObjects: 0.122800 ms CreateObjectMapping: 0.031100 ms MarkObjects: 1.397900 ms  DeleteObjects: 0.050600 ms)

AssetImportParameters requested are different than current active one (requested -> active):
  custom:graphics/normal-map-encoding: 01000000000000000000000000000000 -> 02000000000000000000000000000000
========================================================================
Received Import Request.
  Time since last request: 214.202278 seconds.
  path: Assets/_Scripts/Health/WallHealth.cs
  artifactKey: Guid(e74368c22b3b1d243a454cb64869770c) Importer(815301076,1909f56bfc062723c751e8b465ee728b)
Start importing Assets/_Scripts/Health/WallHealth.cs using Guid(e74368c22b3b1d243a454cb64869770c) Importer(815301076,1909f56bfc062723c751e8b465ee728b)  -> (artifact id: '3a60ae3bda77351f4707275f96c45138') in 0.009078 seconds
  Import took 0.010834 seconds .

========================================================================
Received Import Request.
  Time since last request: 0.019293 seconds.
  path: Assets/_Scripts/Health/WallHealth.cs
  artifactKey: Guid(e74368c22b3b1d243a454cb64869770c) Importer(815301076,1909f56bfc062723c751e8b465ee728b)
Start importing Assets/_Scripts/Health/WallHealth.cs using Guid(e74368c22b3b1d243a454cb64869770c) Importer(815301076,1909f56bfc062723c751e8b465ee728b)  -> (artifact id: '3a60ae3bda77351f4707275f96c45138') in 0.002102 seconds
  Import took 0.004111 seconds .

========================================================================
Received Prepare
Registering precompiled user dll's ...
Registered in 0.000626 seconds.
Begin MonoManager ReloadAssembly
Native extension for LinuxStandalone target not found
Native extension for WindowsStandalone target not found
Native extension for OSXStandalone target not found
Native extension for WebGL target not found
Refreshing native plugins compatible for Editor in 0.22 ms, found 0 plugins.
Preloading 0 native plugins for Editor in 0.00 ms.
Mono: successfully reloaded assembly
- Completed reload, in  0.717 seconds
Platform modules already initialized, skipping
Switching build target platform(19) subTarget(0) extendedPlatform(0) -> platform(13) subTarget(537395200) extendedPlatform(0)
Refreshing native plugins compatible for Editor in 0.20 ms, found 0 plugins.
Preloading 0 native plugins for Editor in 0.00 ms.
Unloading 1215 Unused Serialized files (Serialized files now loaded: 0)
System memory in use before: 63.5 MB.
System memory in use after: 63.6 MB.

Unloading 5 unused Assets to reduce memory usage. Loaded Objects now: 1771.
Total: 1.636000 ms (FindLiveObjects: 0.149200 ms CreateObjectMapping: 0.031300 ms MarkObjects: 1.413100 ms  DeleteObjects: 0.041900 ms)

AssetImportParameters requested are different than current active one (requested -> active):
  custom:graphics/normal-map-encoding: 01000000000000000000000000000000 -> 02000000000000000000000000000000
AssetImportWorkerClient::OnTransportError - code=2 error=End of file
